;  LST file generated by mikroListExporter - v.2.0 
; Date/Time: 10/08/2012 17:19:14
;----------------------------------------------

;Address Opcode 	ASM
0x0000	0x2858      	GOTO       88
_____DoICP:
;__Lib_System.c,6 :: 		
;__Lib_System.c,9 :: 		
0x0003	0x1283      	BCF        STATUS, 5
0x0004	0x1303      	BCF        STATUS, 6
0x0005	0x0852      	MOVF       ___DoICPAddr+1, 0
0x0006	0x008A      	MOVWF      PCLATH
;__Lib_System.c,10 :: 		
0x0007	0x0851      	MOVF       ___DoICPAddr, 0
0x0008	0x0082      	MOVWF      PCL
;__Lib_System.c,12 :: 		
L_end_____DoICP:
0x0009	0x0008      	RETURN
; end of _____DoICP
_UART1_Write:
;__Lib_UART_b21.c,37 :: 		
;__Lib_UART_b21.c,38 :: 		
L_UART1_Write3:
0x000A	0x1683      	BSF        STATUS, 5
0x000B	0x1303      	BCF        STATUS, 6
0x000C	0x1898      	BTFSC      TXSTA, 1
0x000D	0x2810      	GOTO       L_UART1_Write4
;__Lib_UART_b21.c,39 :: 		
0x000E	0x0000      	NOP
0x000F	0x280A      	GOTO       L_UART1_Write3
L_UART1_Write4:
;__Lib_UART_b21.c,40 :: 		
0x0010	0x1283      	BCF        STATUS, 5
0x0011	0x0858      	MOVF       FARG_UART1_Write_data_, 0
0x0012	0x0099      	MOVWF      TXREG
;__Lib_UART_b21.c,41 :: 		
L_end_UART1_Write:
0x0013	0x0008      	RETURN
; end of _UART1_Write
_UART1_Init:
;__Lib_UART_b21.c,2 :: 		
;__Lib_UART_b21.c,5 :: 		
0x0014	0x1683      	BSF        STATUS, 5
0x0015	0x1303      	BCF        STATUS, 6
0x0016	0x1698      	BSF        TXSTA, 5
;__Lib_UART_b21.c,6 :: 		
0x0017	0x3090      	MOVLW      144
0x0018	0x1283      	BCF        STATUS, 5
0x0019	0x0098      	MOVWF      RCSTA
;__Lib_UART_b21.c,7 :: 		
0x001A	0x1683      	BSF        STATUS, 5
0x001B	0x1486      	BSF        TRISB1_bit, 1
;__Lib_UART_b21.c,8 :: 		
0x001C	0x1106      	BCF        TRISB2_bit, 2
;__Lib_UART_b21.c,9 :: 		
L_UART1_Init0:
0x001D	0x1283      	BCF        STATUS, 5
0x001E	0x1E8C      	BTFSS      PIR1, 5
0x001F	0x2823      	GOTO       L_UART1_Init1
;__Lib_UART_b21.c,10 :: 		
0x0020	0x081A      	MOVF       RCREG, 0
0x0021	0x00F0      	MOVWF      R0
0x0022	0x281D      	GOTO       L_UART1_Init0
L_UART1_Init1:
;__Lib_UART_b21.c,11 :: 		
L_end_UART1_Init:
0x0023	0x0008      	RETURN
; end of _UART1_Init
_UART1_Read:
;__Lib_UART_b21.c,20 :: 		
;__Lib_UART_b21.c,23 :: 		
0x0024	0x1283      	BCF        STATUS, 5
0x0025	0x1303      	BCF        STATUS, 6
0x0026	0x081A      	MOVF       RCREG, 0
0x0027	0x00F1      	MOVWF      R1
;__Lib_UART_b21.c,24 :: 		
0x0028	0x1C98      	BTFSS      RCSTA, 1
0x0029	0x282C      	GOTO       L_UART1_Read2
;__Lib_UART_b21.c,25 :: 		
0x002A	0x1218      	BCF        RCSTA, 4
;__Lib_UART_b21.c,26 :: 		
0x002B	0x1618      	BSF        RCSTA, 4
;__Lib_UART_b21.c,27 :: 		
L_UART1_Read2:
;__Lib_UART_b21.c,28 :: 		
0x002C	0x0871      	MOVF       R1, 0
0x002D	0x00F0      	MOVWF      R0
;__Lib_UART_b21.c,29 :: 		
L_end_UART1_Read:
0x002E	0x0008      	RETURN
; end of _UART1_Read
___CC2DW:
;__Lib_System.c,134 :: 		
;__Lib_System.c,137 :: 		
_CC2D_Loop1:
;__Lib_System.c,139 :: 		
0x002F	0x2003      	CALL       _____DoICP
0x0030	0x118A      	BCF        PCLATH, 3
0x0031	0x120A      	BCF        PCLATH, 4
;__Lib_System.c,141 :: 		
0x0032	0x0080      	MOVWF      INDF
;__Lib_System.c,142 :: 		
0x0033	0x0A84      	INCF       FSR, 1
;__Lib_System.c,143 :: 		
0x0034	0x0AD1      	INCF       ___DoICPAddr, 1
;__Lib_System.c,145 :: 		
0x0035	0x1903      	BTFSC      STATUS, 2
;__Lib_System.c,146 :: 		
0x0036	0x0AD2      	INCF       ___DoICPAddr+1, 1
;__Lib_System.c,147 :: 		
0x0037	0x03F0      	DECF       R0, 1
;__Lib_System.c,149 :: 		
0x0038	0x1D03      	BTFSS      STATUS, 2
;__Lib_System.c,150 :: 		
0x0039	0x282F      	GOTO       _CC2D_Loop1
;__Lib_System.c,152 :: 		
L_end___CC2DW:
0x003A	0x0008      	RETURN
; end of ___CC2DW
_UART1_Write_Text:
;__Lib_UART_b21.c,44 :: 		
;__Lib_UART_b21.c,45 :: 		
0x003B	0x1283      	BCF        STATUS, 5
0x003C	0x1303      	BCF        STATUS, 6
0x003D	0x01D7      	CLRF       UART1_Write_Text_counter_L0
;__Lib_UART_b21.c,47 :: 		
0x003E	0x0855      	MOVF       FARG_UART1_Write_Text_uart_text, 0
0x003F	0x0084      	MOVWF      FSR
0x0040	0x0800      	MOVF       INDF, 0
0x0041	0x00D6      	MOVWF      UART1_Write_Text_data__L0
;__Lib_UART_b21.c,48 :: 		
L_UART1_Write_Text5:
0x0042	0x0856      	MOVF       UART1_Write_Text_data__L0, 0
0x0043	0x3A00      	XORLW      0
0x0044	0x1903      	BTFSC      STATUS, 2
0x0045	0x2850      	GOTO       L_UART1_Write_Text6
;__Lib_UART_b21.c,49 :: 		
0x0046	0x0856      	MOVF       UART1_Write_Text_data__L0, 0
0x0047	0x00D8      	MOVWF      FARG_UART1_Write_data_
0x0048	0x200A      	CALL       _UART1_Write
;__Lib_UART_b21.c,50 :: 		
0x0049	0x0AD7      	INCF       UART1_Write_Text_counter_L0, 1
;__Lib_UART_b21.c,51 :: 		
0x004A	0x0857      	MOVF       UART1_Write_Text_counter_L0, 0
0x004B	0x0755      	ADDWF      FARG_UART1_Write_Text_uart_text, 0
0x004C	0x0084      	MOVWF      FSR
0x004D	0x0800      	MOVF       INDF, 0
0x004E	0x00D6      	MOVWF      UART1_Write_Text_data__L0
;__Lib_UART_b21.c,52 :: 		
0x004F	0x2842      	GOTO       L_UART1_Write_Text5
L_UART1_Write_Text6:
;__Lib_UART_b21.c,53 :: 		
L_end_UART1_Write_Text:
0x0050	0x0008      	RETURN
; end of _UART1_Write_Text
_UART1_Data_Ready:
;__Lib_UART_b21.c,15 :: 		
;__Lib_UART_b21.c,16 :: 		
0x0051	0x3000      	MOVLW      0
0x0052	0x1283      	BCF        STATUS, 5
0x0053	0x1303      	BCF        STATUS, 6
0x0054	0x1A8C      	BTFSC      PIR1, 5
0x0055	0x3001      	MOVLW      1
0x0056	0x00F0      	MOVWF      R0
;__Lib_UART_b21.c,17 :: 		
L_end_UART1_Data_Ready:
0x0057	0x0008      	RETURN
; end of _UART1_Data_Ready
_main:
0x0058	0x214E      	CALL       334
;Xbee Boiler Controller.c,5 :: 		void main() {
;Xbee Boiler Controller.c,8 :: 		CMCON = 7;       // Disable Comparators
0x0059	0x3007      	MOVLW      7
0x005A	0x1283      	BCF        STATUS, 5
0x005B	0x1303      	BCF        STATUS, 6
0x005C	0x009F      	MOVWF      CMCON
;Xbee Boiler Controller.c,9 :: 		TRISA = 0;
0x005D	0x1683      	BSF        STATUS, 5
0x005E	0x0185      	CLRF       TRISA
;Xbee Boiler Controller.c,11 :: 		PORTA = 0;
0x005F	0x1283      	BCF        STATUS, 5
0x0060	0x0185      	CLRF       PORTA
;Xbee Boiler Controller.c,13 :: 		hwStatus = 0;
0x0061	0x01CF      	CLRF       _hwStatus
0x0062	0x01D0      	CLRF       _hwStatus+1
;Xbee Boiler Controller.c,14 :: 		chStatus = 0;
0x0063	0x01D3      	CLRF       _chStatus
0x0064	0x01D4      	CLRF       _chStatus+1
;Xbee Boiler Controller.c,15 :: 		Delay_ms(5000);                 // Wait for XBee to stabalize
0x0065	0x301A      	MOVLW      26
0x0066	0x00FB      	MOVWF      R11
0x0067	0x305E      	MOVLW      94
0x0068	0x00FC      	MOVWF      R12
0x0069	0x306E      	MOVLW      110
0x006A	0x00FD      	MOVWF      R13
L_main0:
0x006B	0x0BFD      	DECFSZ     R13, 1
0x006C	0x286B      	GOTO       L_main0
0x006D	0x0BFC      	DECFSZ     R12, 1
0x006E	0x286B      	GOTO       L_main0
0x006F	0x0BFB      	DECFSZ     R11, 1
0x0070	0x286B      	GOTO       L_main0
0x0071	0x0000      	NOP
;Xbee Boiler Controller.c,16 :: 		UART1_Init(9600);               // Initialize UART module at 9600 bps
0x0072	0x3019      	MOVLW      25
0x0073	0x1683      	BSF        STATUS, 5
0x0074	0x0099      	MOVWF      SPBRG
0x0075	0x1518      	BSF        TXSTA, 2
0x0076	0x2014      	CALL       _UART1_Init
;Xbee Boiler Controller.c,17 :: 		Delay_ms(500);                  // Wait for UART module to stabilize
0x0077	0x3003      	MOVLW      3
0x0078	0x00FB      	MOVWF      R11
0x0079	0x308A      	MOVLW      138
0x007A	0x00FC      	MOVWF      R12
0x007B	0x3055      	MOVLW      85
0x007C	0x00FD      	MOVWF      R13
L_main1:
0x007D	0x0BFD      	DECFSZ     R13, 1
0x007E	0x287D      	GOTO       L_main1
0x007F	0x0BFC      	DECFSZ     R12, 1
0x0080	0x287D      	GOTO       L_main1
0x0081	0x0BFB      	DECFSZ     R11, 1
0x0082	0x287D      	GOTO       L_main1
0x0083	0x0000      	NOP
0x0084	0x0000      	NOP
;Xbee Boiler Controller.c,19 :: 		UART1_Write_Text(" Xbee Connection Successful! ");   // Character Message to be Sent
0x0085	0x3020      	MOVLW      ?lstr1_Xbee_32Boiler_32Controller
0x0086	0x00D5      	MOVWF      FARG_UART1_Write_Text_uart_text
0x0087	0x203B      	CALL       _UART1_Write_Text
;Xbee Boiler Controller.c,20 :: 		UART1_Write(10);
0x0088	0x300A      	MOVLW      10
0x0089	0x00D8      	MOVWF      FARG_UART1_Write_data_
0x008A	0x200A      	CALL       _UART1_Write
;Xbee Boiler Controller.c,21 :: 		UART1_Write(13);
0x008B	0x300D      	MOVLW      13
0x008C	0x00D8      	MOVWF      FARG_UART1_Write_data_
0x008D	0x200A      	CALL       _UART1_Write
;Xbee Boiler Controller.c,24 :: 		while (1) {                     // Endless loop
L_main2:
;Xbee Boiler Controller.c,25 :: 		if (UART1_Data_Ready() == 1) {
0x008E	0x2051      	CALL       _UART1_Data_Ready
0x008F	0x0870      	MOVF       R0, 0
0x0090	0x3A01      	XORLW      1
0x0091	0x1D03      	BTFSS      STATUS, 2
0x0092	0x2918      	GOTO       L_main4
;Xbee Boiler Controller.c,26 :: 		i = UART1_Read();                  // read the received data
0x0093	0x2024      	CALL       _UART1_Read
0x0094	0x0870      	MOVF       R0, 0
0x0095	0x00CE      	MOVWF      _i
;Xbee Boiler Controller.c,29 :: 		if (i == 'h'){  // Set hot water on
0x0096	0x0870      	MOVF       R0, 0
0x0097	0x3A68      	XORLW      104
0x0098	0x1D03      	BTFSS      STATUS, 2
0x0099	0x28A8      	GOTO       L_main5
;Xbee Boiler Controller.c,30 :: 		PORTA.B1 = 1;
0x009A	0x1485      	BSF        PORTA, 1
;Xbee Boiler Controller.c,31 :: 		UART1_Write_Text("1");   // Character Message to be Sent
0x009B	0x3048      	MOVLW      ?lstr2_Xbee_32Boiler_32Controller
0x009C	0x00D5      	MOVWF      FARG_UART1_Write_Text_uart_text
0x009D	0x203B      	CALL       _UART1_Write_Text
;Xbee Boiler Controller.c,32 :: 		UART1_Write(10);
0x009E	0x300A      	MOVLW      10
0x009F	0x00D8      	MOVWF      FARG_UART1_Write_data_
0x00A0	0x200A      	CALL       _UART1_Write
;Xbee Boiler Controller.c,33 :: 		UART1_Write(13);
0x00A1	0x300D      	MOVLW      13
0x00A2	0x00D8      	MOVWF      FARG_UART1_Write_data_
0x00A3	0x200A      	CALL       _UART1_Write
;Xbee Boiler Controller.c,34 :: 		hwStatus = 1;
0x00A4	0x3001      	MOVLW      1
0x00A5	0x00CF      	MOVWF      _hwStatus
0x00A6	0x3000      	MOVLW      0
0x00A7	0x00D0      	MOVWF      _hwStatus+1
;Xbee Boiler Controller.c,35 :: 		}
L_main5:
;Xbee Boiler Controller.c,36 :: 		if (i == 'i'){ // Set hot water off
0x00A8	0x084E      	MOVF       _i, 0
0x00A9	0x3A69      	XORLW      105
0x00AA	0x1D03      	BTFSS      STATUS, 2
0x00AB	0x28B8      	GOTO       L_main6
;Xbee Boiler Controller.c,37 :: 		PORTA.B1 = 0;
0x00AC	0x1085      	BCF        PORTA, 1
;Xbee Boiler Controller.c,38 :: 		UART1_Write_Text("0");   // Character Message to be Sent
0x00AD	0x3046      	MOVLW      ?lstr3_Xbee_32Boiler_32Controller
0x00AE	0x00D5      	MOVWF      FARG_UART1_Write_Text_uart_text
0x00AF	0x203B      	CALL       _UART1_Write_Text
;Xbee Boiler Controller.c,39 :: 		UART1_Write(10);
0x00B0	0x300A      	MOVLW      10
0x00B1	0x00D8      	MOVWF      FARG_UART1_Write_data_
0x00B2	0x200A      	CALL       _UART1_Write
;Xbee Boiler Controller.c,40 :: 		UART1_Write(13);
0x00B3	0x300D      	MOVLW      13
0x00B4	0x00D8      	MOVWF      FARG_UART1_Write_data_
0x00B5	0x200A      	CALL       _UART1_Write
;Xbee Boiler Controller.c,41 :: 		hwStatus = 0;
0x00B6	0x01CF      	CLRF       _hwStatus
0x00B7	0x01D0      	CLRF       _hwStatus+1
;Xbee Boiler Controller.c,42 :: 		}
L_main6:
;Xbee Boiler Controller.c,43 :: 		if (i == 'j'){ // Check hot water status
0x00B8	0x084E      	MOVF       _i, 0
0x00B9	0x3A6A      	XORLW      106
0x00BA	0x1D03      	BTFSS      STATUS, 2
0x00BB	0x28D7      	GOTO       L_main7
;Xbee Boiler Controller.c,44 :: 		if (hwStatus == 1){
0x00BC	0x3000      	MOVLW      0
0x00BD	0x0650      	XORWF      _hwStatus+1, 0
0x00BE	0x1D03      	BTFSS      STATUS, 2
0x00BF	0x28C2      	GOTO       L__main16
0x00C0	0x3001      	MOVLW      1
0x00C1	0x064F      	XORWF      _hwStatus, 0
L__main16:
0x00C2	0x1D03      	BTFSS      STATUS, 2
0x00C3	0x28CE      	GOTO       L_main8
;Xbee Boiler Controller.c,45 :: 		UART1_Write_Text("1");   // Character Message to be Sent
0x00C4	0x304C      	MOVLW      ?lstr4_Xbee_32Boiler_32Controller
0x00C5	0x00D5      	MOVWF      FARG_UART1_Write_Text_uart_text
0x00C6	0x203B      	CALL       _UART1_Write_Text
;Xbee Boiler Controller.c,46 :: 		UART1_Write(10);
0x00C7	0x300A      	MOVLW      10
0x00C8	0x00D8      	MOVWF      FARG_UART1_Write_data_
0x00C9	0x200A      	CALL       _UART1_Write
;Xbee Boiler Controller.c,47 :: 		UART1_Write(13);
0x00CA	0x300D      	MOVLW      13
0x00CB	0x00D8      	MOVWF      FARG_UART1_Write_data_
0x00CC	0x200A      	CALL       _UART1_Write
;Xbee Boiler Controller.c,48 :: 		}
0x00CD	0x28D7      	GOTO       L_main9
L_main8:
;Xbee Boiler Controller.c,50 :: 		UART1_Write_Text("0");   // Character Message to be Sent
0x00CE	0x304A      	MOVLW      ?lstr5_Xbee_32Boiler_32Controller
0x00CF	0x00D5      	MOVWF      FARG_UART1_Write_Text_uart_text
0x00D0	0x203B      	CALL       _UART1_Write_Text
;Xbee Boiler Controller.c,51 :: 		UART1_Write(10);
0x00D1	0x300A      	MOVLW      10
0x00D2	0x00D8      	MOVWF      FARG_UART1_Write_data_
0x00D3	0x200A      	CALL       _UART1_Write
;Xbee Boiler Controller.c,52 :: 		UART1_Write(13);
0x00D4	0x300D      	MOVLW      13
0x00D5	0x00D8      	MOVWF      FARG_UART1_Write_data_
0x00D6	0x200A      	CALL       _UART1_Write
;Xbee Boiler Controller.c,53 :: 		}
L_main9:
;Xbee Boiler Controller.c,54 :: 		}
L_main7:
;Xbee Boiler Controller.c,57 :: 		if (i == 'c'){    // set Central Heating on
0x00D7	0x084E      	MOVF       _i, 0
0x00D8	0x3A63      	XORLW      99
0x00D9	0x1D03      	BTFSS      STATUS, 2
0x00DA	0x28E9      	GOTO       L_main10
;Xbee Boiler Controller.c,58 :: 		PORTA.B7 = 1;
0x00DB	0x1785      	BSF        PORTA, 7
;Xbee Boiler Controller.c,59 :: 		UART1_Write_Text("1");   // Character Message to be Sent
0x00DC	0x3040      	MOVLW      ?lstr6_Xbee_32Boiler_32Controller
0x00DD	0x00D5      	MOVWF      FARG_UART1_Write_Text_uart_text
0x00DE	0x203B      	CALL       _UART1_Write_Text
;Xbee Boiler Controller.c,60 :: 		UART1_Write(10);
0x00DF	0x300A      	MOVLW      10
0x00E0	0x00D8      	MOVWF      FARG_UART1_Write_data_
0x00E1	0x200A      	CALL       _UART1_Write
;Xbee Boiler Controller.c,61 :: 		UART1_Write(13);
0x00E2	0x300D      	MOVLW      13
0x00E3	0x00D8      	MOVWF      FARG_UART1_Write_data_
0x00E4	0x200A      	CALL       _UART1_Write
;Xbee Boiler Controller.c,62 :: 		chStatus = 1;
0x00E5	0x3001      	MOVLW      1
0x00E6	0x00D3      	MOVWF      _chStatus
0x00E7	0x3000      	MOVLW      0
0x00E8	0x00D4      	MOVWF      _chStatus+1
;Xbee Boiler Controller.c,63 :: 		}
L_main10:
;Xbee Boiler Controller.c,64 :: 		if (i == 'd'){   // set Central Heating off
0x00E9	0x084E      	MOVF       _i, 0
0x00EA	0x3A64      	XORLW      100
0x00EB	0x1D03      	BTFSS      STATUS, 2
0x00EC	0x28F9      	GOTO       L_main11
;Xbee Boiler Controller.c,65 :: 		PORTA.B7 = 0;
0x00ED	0x1385      	BCF        PORTA, 7
;Xbee Boiler Controller.c,66 :: 		UART1_Write_Text("0");   // Character Message to be Sent
0x00EE	0x303E      	MOVLW      ?lstr7_Xbee_32Boiler_32Controller
0x00EF	0x00D5      	MOVWF      FARG_UART1_Write_Text_uart_text
0x00F0	0x203B      	CALL       _UART1_Write_Text
;Xbee Boiler Controller.c,67 :: 		UART1_Write(10);
0x00F1	0x300A      	MOVLW      10
0x00F2	0x00D8      	MOVWF      FARG_UART1_Write_data_
0x00F3	0x200A      	CALL       _UART1_Write
;Xbee Boiler Controller.c,68 :: 		UART1_Write(13);
0x00F4	0x300D      	MOVLW      13
0x00F5	0x00D8      	MOVWF      FARG_UART1_Write_data_
0x00F6	0x200A      	CALL       _UART1_Write
;Xbee Boiler Controller.c,69 :: 		chStatus = 0;
0x00F7	0x01D3      	CLRF       _chStatus
0x00F8	0x01D4      	CLRF       _chStatus+1
;Xbee Boiler Controller.c,70 :: 		}
L_main11:
;Xbee Boiler Controller.c,71 :: 		if (i == 'e'){  // check Central Heating status
0x00F9	0x084E      	MOVF       _i, 0
0x00FA	0x3A65      	XORLW      101
0x00FB	0x1D03      	BTFSS      STATUS, 2
0x00FC	0x2918      	GOTO       L_main12
;Xbee Boiler Controller.c,72 :: 		if (chStatus == 1){
0x00FD	0x3000      	MOVLW      0
0x00FE	0x0654      	XORWF      _chStatus+1, 0
0x00FF	0x1D03      	BTFSS      STATUS, 2
0x0100	0x2903      	GOTO       L__main17
0x0101	0x3001      	MOVLW      1
0x0102	0x0653      	XORWF      _chStatus, 0
L__main17:
0x0103	0x1D03      	BTFSS      STATUS, 2
0x0104	0x290F      	GOTO       L_main13
;Xbee Boiler Controller.c,73 :: 		UART1_Write_Text("1");   // Character Message to be Sent
0x0105	0x3044      	MOVLW      ?lstr8_Xbee_32Boiler_32Controller
0x0106	0x00D5      	MOVWF      FARG_UART1_Write_Text_uart_text
0x0107	0x203B      	CALL       _UART1_Write_Text
;Xbee Boiler Controller.c,74 :: 		UART1_Write(10);
0x0108	0x300A      	MOVLW      10
0x0109	0x00D8      	MOVWF      FARG_UART1_Write_data_
0x010A	0x200A      	CALL       _UART1_Write
;Xbee Boiler Controller.c,75 :: 		UART1_Write(13);
0x010B	0x300D      	MOVLW      13
0x010C	0x00D8      	MOVWF      FARG_UART1_Write_data_
0x010D	0x200A      	CALL       _UART1_Write
;Xbee Boiler Controller.c,76 :: 		}
0x010E	0x2918      	GOTO       L_main14
L_main13:
;Xbee Boiler Controller.c,78 :: 		UART1_Write_Text("0");   // Character Message to be Sent
0x010F	0x3042      	MOVLW      ?lstr9_Xbee_32Boiler_32Controller
0x0110	0x00D5      	MOVWF      FARG_UART1_Write_Text_uart_text
0x0111	0x203B      	CALL       _UART1_Write_Text
;Xbee Boiler Controller.c,79 :: 		UART1_Write(10);
0x0112	0x300A      	MOVLW      10
0x0113	0x00D8      	MOVWF      FARG_UART1_Write_data_
0x0114	0x200A      	CALL       _UART1_Write
;Xbee Boiler Controller.c,80 :: 		UART1_Write(13);
0x0115	0x300D      	MOVLW      13
0x0116	0x00D8      	MOVWF      FARG_UART1_Write_data_
0x0117	0x200A      	CALL       _UART1_Write
;Xbee Boiler Controller.c,81 :: 		}
L_main14:
;Xbee Boiler Controller.c,82 :: 		}
L_main12:
;Xbee Boiler Controller.c,84 :: 		}
L_main4:
;Xbee Boiler Controller.c,85 :: 		}
0x0118	0x288E      	GOTO       L_main2
;Xbee Boiler Controller.c,87 :: 		}
L_end_main:
0x0119	0x2919      	GOTO       $+0
; end of _main
0x014E	0x3020      	MOVLW      32
0x014F	0x0084      	MOVWF      FSR
0x0150	0x302E      	MOVLW      46
0x0151	0x1283      	BCF        STATUS, 5
0x0152	0x1303      	BCF        STATUS, 6
0x0153	0x00F0      	MOVWF      R0
0x0154	0x301F      	MOVLW      31
0x0155	0x00D1      	MOVWF      ___DoICPAddr
0x0156	0x3001      	MOVLW      1
0x0157	0x00D2      	MOVWF      82
0x0158	0x202F      	CALL       47
0x0159	0x0008      	RETURN
;Xbee Boiler Controller.c,0 :: ?ICS?lstr1_Xbee_32Boiler_32Controller
0x011F	0x3420 ;?ICS?lstr1_Xbee_32Boiler_32Controller+0
0x0120	0x3458 ;?ICS?lstr1_Xbee_32Boiler_32Controller+1
0x0121	0x3462 ;?ICS?lstr1_Xbee_32Boiler_32Controller+2
0x0122	0x3465 ;?ICS?lstr1_Xbee_32Boiler_32Controller+3
0x0123	0x3465 ;?ICS?lstr1_Xbee_32Boiler_32Controller+4
0x0124	0x3420 ;?ICS?lstr1_Xbee_32Boiler_32Controller+5
0x0125	0x3443 ;?ICS?lstr1_Xbee_32Boiler_32Controller+6
0x0126	0x346F ;?ICS?lstr1_Xbee_32Boiler_32Controller+7
0x0127	0x346E ;?ICS?lstr1_Xbee_32Boiler_32Controller+8
0x0128	0x346E ;?ICS?lstr1_Xbee_32Boiler_32Controller+9
0x0129	0x3465 ;?ICS?lstr1_Xbee_32Boiler_32Controller+10
0x012A	0x3463 ;?ICS?lstr1_Xbee_32Boiler_32Controller+11
0x012B	0x3474 ;?ICS?lstr1_Xbee_32Boiler_32Controller+12
0x012C	0x3469 ;?ICS?lstr1_Xbee_32Boiler_32Controller+13
0x012D	0x346F ;?ICS?lstr1_Xbee_32Boiler_32Controller+14
0x012E	0x346E ;?ICS?lstr1_Xbee_32Boiler_32Controller+15
0x012F	0x3420 ;?ICS?lstr1_Xbee_32Boiler_32Controller+16
0x0130	0x3453 ;?ICS?lstr1_Xbee_32Boiler_32Controller+17
0x0131	0x3475 ;?ICS?lstr1_Xbee_32Boiler_32Controller+18
0x0132	0x3463 ;?ICS?lstr1_Xbee_32Boiler_32Controller+19
0x0133	0x3463 ;?ICS?lstr1_Xbee_32Boiler_32Controller+20
0x0134	0x3465 ;?ICS?lstr1_Xbee_32Boiler_32Controller+21
0x0135	0x3473 ;?ICS?lstr1_Xbee_32Boiler_32Controller+22
0x0136	0x3473 ;?ICS?lstr1_Xbee_32Boiler_32Controller+23
0x0137	0x3466 ;?ICS?lstr1_Xbee_32Boiler_32Controller+24
0x0138	0x3475 ;?ICS?lstr1_Xbee_32Boiler_32Controller+25
0x0139	0x346C ;?ICS?lstr1_Xbee_32Boiler_32Controller+26
0x013A	0x3421 ;?ICS?lstr1_Xbee_32Boiler_32Controller+27
0x013B	0x3420 ;?ICS?lstr1_Xbee_32Boiler_32Controller+28
0x013C	0x3400 ;?ICS?lstr1_Xbee_32Boiler_32Controller+29
; end of ?ICS?lstr1_Xbee_32Boiler_32Controller
;Xbee Boiler Controller.c,0 :: ?ICS?lstr7_Xbee_32Boiler_32Controller
0x013D	0x3430 ;?ICS?lstr7_Xbee_32Boiler_32Controller+0
0x013E	0x3400 ;?ICS?lstr7_Xbee_32Boiler_32Controller+1
; end of ?ICS?lstr7_Xbee_32Boiler_32Controller
;Xbee Boiler Controller.c,0 :: ?ICS?lstr6_Xbee_32Boiler_32Controller
0x013F	0x3431 ;?ICS?lstr6_Xbee_32Boiler_32Controller+0
0x0140	0x3400 ;?ICS?lstr6_Xbee_32Boiler_32Controller+1
; end of ?ICS?lstr6_Xbee_32Boiler_32Controller
;Xbee Boiler Controller.c,0 :: ?ICS?lstr9_Xbee_32Boiler_32Controller
0x0141	0x3430 ;?ICS?lstr9_Xbee_32Boiler_32Controller+0
0x0142	0x3400 ;?ICS?lstr9_Xbee_32Boiler_32Controller+1
; end of ?ICS?lstr9_Xbee_32Boiler_32Controller
;Xbee Boiler Controller.c,0 :: ?ICS?lstr8_Xbee_32Boiler_32Controller
0x0143	0x3431 ;?ICS?lstr8_Xbee_32Boiler_32Controller+0
0x0144	0x3400 ;?ICS?lstr8_Xbee_32Boiler_32Controller+1
; end of ?ICS?lstr8_Xbee_32Boiler_32Controller
;Xbee Boiler Controller.c,0 :: ?ICS?lstr3_Xbee_32Boiler_32Controller
0x0145	0x3430 ;?ICS?lstr3_Xbee_32Boiler_32Controller+0
0x0146	0x3400 ;?ICS?lstr3_Xbee_32Boiler_32Controller+1
; end of ?ICS?lstr3_Xbee_32Boiler_32Controller
;Xbee Boiler Controller.c,0 :: ?ICS?lstr2_Xbee_32Boiler_32Controller
0x0147	0x3431 ;?ICS?lstr2_Xbee_32Boiler_32Controller+0
0x0148	0x3400 ;?ICS?lstr2_Xbee_32Boiler_32Controller+1
; end of ?ICS?lstr2_Xbee_32Boiler_32Controller
;Xbee Boiler Controller.c,0 :: ?ICS?lstr5_Xbee_32Boiler_32Controller
0x0149	0x3430 ;?ICS?lstr5_Xbee_32Boiler_32Controller+0
0x014A	0x3400 ;?ICS?lstr5_Xbee_32Boiler_32Controller+1
; end of ?ICS?lstr5_Xbee_32Boiler_32Controller
;Xbee Boiler Controller.c,0 :: ?ICS?lstr4_Xbee_32Boiler_32Controller
0x014B	0x3431 ;?ICS?lstr4_Xbee_32Boiler_32Controller+0
0x014C	0x3400 ;?ICS?lstr4_Xbee_32Boiler_32Controller+1
; end of ?ICS?lstr4_Xbee_32Boiler_32Controller
Symbol List:
//** Routines locations **
//ADDRESS    SIZE    PROCEDURE
//----------------------------------------------
0x0003       [7]    _____DoICP
0x000A      [10]    _UART1_Write
0x0014      [16]    _UART1_Init
0x0024      [11]    _UART1_Read
0x002F      [12]    ___CC2DW
0x003B      [22]    _UART1_Write_Text
0x0051       [7]    _UART1_Data_Ready
0x0058     [193]    _main
//** Variables locations ** 
//ADDRESS    SIZE    VARIABLE
//----------------------------------------------
0x0000       [1]    INDF
0x0002       [1]    PCL
0x0003       [1]    STATUS
0x0004       [1]    FSR
0x0005       [1]    PORTA
0x000A       [1]    PCLATH
0x000C       [1]    PIR1
0x0018       [1]    RCSTA
0x0019       [1]    TXREG
0x001A       [1]    RCREG
0x001F       [1]    CMCON
0x0020      [30]    ?lstr1_Xbee_32Boiler_32Controller
0x003E       [2]    ?lstr7_Xbee_32Boiler_32Controller
0x0040       [2]    ?lstr6_Xbee_32Boiler_32Controller
0x0042       [2]    ?lstr9_Xbee_32Boiler_32Controller
0x0044       [2]    ?lstr8_Xbee_32Boiler_32Controller
0x0046       [2]    ?lstr3_Xbee_32Boiler_32Controller
0x0048       [2]    ?lstr2_Xbee_32Boiler_32Controller
0x004A       [2]    ?lstr5_Xbee_32Boiler_32Controller
0x004C       [2]    ?lstr4_Xbee_32Boiler_32Controller
0x004E       [1]    _i
0x004F       [2]    _hwStatus
0x0051       [2]    ___DoICPAddr
0x0053       [2]    _chStatus
0x0055       [1]    FARG_UART1_Write_Text_uart_text
0x0056       [1]    UART1_Write_Text_data__L0
0x0057       [1]    UART1_Write_Text_counter_L0
0x0058       [1]    FARG_UART1_Write_data_
0x0070       [1]    R0
0x0071       [1]    R1
0x0072       [1]    R2
0x0073       [1]    R3
0x0074       [1]    R4
0x0075       [1]    R5
0x0076       [1]    R6
0x0077       [1]    R7
0x0078       [1]    R8
0x0079       [1]    R9
0x007A       [1]    R10
0x007B       [1]    R11
0x007C       [1]    R12
0x007D       [1]    R13
0x007E       [1]    R14
0x007F       [1]    R15
0x0085       [1]    TRISA
0x0086       [0]    TRISB2_bit
0x0086       [0]    TRISB1_bit
0x0098       [1]    TXSTA
0x0099       [1]    SPBRG
//** Constants locations ** 
//ADDRESS    SIZE    CONSTANT
//----------------------------------------------
0x011F      [30]    ?ICS?lstr1_Xbee_32Boiler_32Controller
0x013D       [2]    ?ICS?lstr7_Xbee_32Boiler_32Controller
0x013F       [2]    ?ICS?lstr6_Xbee_32Boiler_32Controller
0x0141       [2]    ?ICS?lstr9_Xbee_32Boiler_32Controller
0x0143       [2]    ?ICS?lstr8_Xbee_32Boiler_32Controller
0x0145       [2]    ?ICS?lstr3_Xbee_32Boiler_32Controller
0x0147       [2]    ?ICS?lstr2_Xbee_32Boiler_32Controller
0x0149       [2]    ?ICS?lstr5_Xbee_32Boiler_32Controller
0x014B       [2]    ?ICS?lstr4_Xbee_32Boiler_32Controller
//** Label List: ** 
//----------------------------------------------
  L_main0
  L_main1
  L_main2
  L_main3
  L_main4
  L_main5
  L_main6
  L_main7
  L_main8
  L_main9
  L_main10
  L_main11
  L_main12
  L_main13
  L_main14
  L_end_main
  _main
  L__main16
  L__main17
  L_loopCA2AWs
  L_CA2AWend
  _CCA2AW_Loop1
  L_loopCS2Ss
  L_CS2Send
  _CCS2S_Loop1
  L_CCS2Send
  L_loopFZinSWs
  L_FZinSend
  _CC2D_Loop1
  L_end_____DoICP
  _____DoICP
  L_end_____DoIFC
  _____DoIFC
  L_end___CA2AW
  ___CA2AW
  L_end___CCA2AW
  ___CCA2AW
  L_end___CS2S
  ___CS2S
  L_end___CCS2S
  ___CCS2S
  L_end___FZinS
  ___FZinS
  L_end___CC2DW
  ___CC2DW
  L_end_Swap
  _Swap
  L_UART1_Init0
  L_UART1_Init1
  L_UART1_Read2
  L_UART1_Write3
  L_UART1_Write4
  L_UART1_Write_Text5
  L_UART1_Write_Text6
  L_UART1_Read_Text7
  L_UART1_Read_Text8
  L_UART1_Read_Text9
  L_UART1_Read_Text10
  L_UART1_Read_Text11
  L_UART1_Read_Text12
  L_UART1_Read_Text13
  L_UART1_Read_Text14
  L_UART1_Read_Text15
  L_end_UART1_Init
  _UART1_Init
  L_end_UART1_Data_Ready
  _UART1_Data_Ready
  L_end_UART1_Read
  _UART1_Read
  L_end_UART1_Tx_Idle
  _UART1_Tx_Idle
  L_end_UART1_Write
  _UART1_Write
  L_end_UART1_Write_Text
  _UART1_Write_Text
  L_end_UART1_Read_Text
  _UART1_Read_Text
